11:08:40  [main] 	Initialisere Control Panel
11:08:40  [main] 	Windows Version:  Enterprise  64-bit
11:08:40  [main] 	XAMPP Version: 8.2.12
11:08:40  [main] 	Control Panel Version: 3.3.0  [ Compiled: Apr 6th 2021 ]
11:08:40  [main] 	Mit Administratorrechten gestartet - gut!
11:08:40  [main] 	XAMPP Installationsverzeichnis: "c:\xampp\"
11:08:40  [main] 	Voraussetzungen werden gepruft
11:08:41  [main] 	Alle Voraussetzungen sind erfullt
11:08:41  [main] 	Initialisiere Module
11:08:41  [main] 	Starte Check-Timer
11:08:41  [main] 	Control Panel bereit
11:14:51  [Apache] 	Versuche Apache zu starten...
11:14:51  [Apache] 	Statusanderung erkannt: gestartet
11:14:53  [mysql] 	Versuche MySQL zu starten...
11:14:53  [mysql] 	Statusanderung erkannt: gestartet
23:49:58  [main] 	Deinitialisiere Module
23:49:58  [main] 	Deinitialisiere Control Panel

08:04:45  [main] 	Initialisere Control Panel
08:04:45  [main] 	Windows Version:  Enterprise  64-bit
08:04:45  [main] 	XAMPP Version: 8.2.12
08:04:45  [main] 	Control Panel Version: 3.3.0  [ Compiled: Apr 6th 2021 ]
08:04:45  [main] 	Dein Benutzerprofil besitzt keine Administratorenrechte! Das reicht aus für die meisten
08:04:45  [main] 	Anwendungsfunktionen, aber wann immer du etwas mit Windows-Diensten tun möchtest,
08:04:45  [main] 	wird eine Sicherheitsabfrage erscheinen oder etwas wird garnicht erst funktionieren!
08:04:45  [main] 	Also denke daran diese Anwendung mit Administratorrechten zu starten!
08:04:45  [main] 	XAMPP Installationsverzeichnis: "c:\xampp\"
08:04:45  [main] 	Voraussetzungen werden geprüft
08:04:45  [main] 	Alle Voraussetzungen sind erfüllt
08:04:45  [main] 	Initialisiere Module
08:04:45  [mysql] 	XAMPP MySQL ist bereits gestartet auf Port 3306
08:04:45  [main] 	Starte Check-Timer
08:04:45  [main] 	Control Panel bereit
08:04:49  [Apache] 	Statusänderung erkannt: gestoppt
08:04:49  [Apache] 	Fehler: Apache wurde unerwartet beendet
08:04:49  [Apache] 	Ursache könnte ein geblockter Port, fehlende Abhängigkeiten,
08:04:49  [Apache] 	fehlende Berechtigungen, ein Absturz oder ein Abbruch einer anderen Methode sein.
08:04:49  [Apache] 	Drücke den Logs Button um error logs zu sehen und prüfe
08:04:49  [Apache] 	im Windows Event Viewer für weitere Hinweise
08:04:49  [Apache] 	Wenn du weitere Hilfe benötigst, kopiere den kompletten Inhalt des Log Fensters
08:04:49  [Apache] 	und füge ihn als Ergänzung in einem neuen Forum Eintrag hinzu.
08:04:54  [main] 	Deinitialisiere Module
08:04:54  [main] 	Deinitialisiere Control Panel

08:04:10  [main] 	Initialisere Control Panel
08:04:10  [main] 	Windows Version:  Enterprise  64-bit
08:04:10  [main] 	XAMPP Version: 8.2.12
08:04:10  [main] 	Control Panel Version: 3.3.0  [ Compiled: Apr 6th 2021 ]
08:04:10  [main] 	Dein Benutzerprofil besitzt keine Administratorenrechte! Das reicht aus für die meisten
08:04:10  [main] 	Anwendungsfunktionen, aber wann immer du etwas mit Windows-Diensten tun möchtest,
08:04:10  [main] 	wird eine Sicherheitsabfrage erscheinen oder etwas wird garnicht erst funktionieren!
08:04:10  [main] 	Also denke daran diese Anwendung mit Administratorrechten zu starten!
08:04:10  [main] 	XAMPP Installationsverzeichnis: "c:\xampp\"
08:04:10  [main] 	Voraussetzungen werden geprüft
08:04:11  [main] 	Alle Voraussetzungen sind erfüllt
08:04:11  [main] 	Initialisiere Module
08:04:11  [main] 	Starte Check-Timer
08:04:11  [main] 	Control Panel bereit
08:04:36  [Apache] 	Statusänderung erkannt: gestartet
08:04:37  [mysql] 	Statusänderung erkannt: gestartet
08:04:49  [Apache] 	Statusänderung erkannt: gestoppt
08:04:49  [Apache] 	Fehler: Apache wurde unerwartet beendet
08:04:49  [Apache] 	Ursache könnte ein geblockter Port, fehlende Abhängigkeiten,
08:04:49  [Apache] 	fehlende Berechtigungen, ein Absturz oder ein Abbruch einer anderen Methode sein.
08:04:49  [Apache] 	Drücke den Logs Button um error logs zu sehen und prüfe
08:04:49  [Apache] 	im Windows Event Viewer für weitere Hinweise
08:04:49  [Apache] 	Wenn du weitere Hilfe benötigst, kopiere den kompletten Inhalt des Log Fensters
08:04:49  [Apache] 	und füge ihn als Ergänzung in einem neuen Forum Eintrag hinzu.
08:04:54  [main] 	Deinitialisiere Module
08:04:54  [main] 	Deinitialisiere Control Panel

08:05:38  [main] 	Initialisere Control Panel
08:05:38  [main] 	Windows Version:  Enterprise  64-bit
08:05:38  [main] 	XAMPP Version: 8.2.12
08:05:38  [main] 	Control Panel Version: 3.3.0  [ Compiled: Apr 6th 2021 ]
08:05:38  [main] 	Dein Benutzerprofil besitzt keine Administratorenrechte! Das reicht aus für die meisten
08:05:38  [main] 	Anwendungsfunktionen, aber wann immer du etwas mit Windows-Diensten tun möchtest,
08:05:38  [main] 	wird eine Sicherheitsabfrage erscheinen oder etwas wird garnicht erst funktionieren!
08:05:38  [main] 	Also denke daran diese Anwendung mit Administratorrechten zu starten!
08:05:38  [main] 	XAMPP Installationsverzeichnis: "c:\xampp\"
08:05:38  [main] 	Voraussetzungen werden geprüft
08:05:39  [main] 	Alle Voraussetzungen sind erfüllt
08:05:39  [main] 	Initialisiere Module
08:05:39  [main] 	Starte Check-Timer
08:05:39  [main] 	Control Panel bereit
08:06:28  [Apache] 	Versuche Apache zu starten...
08:06:29  [Apache] 	Statusänderung erkannt: gestartet
08:06:32  [mysql] 	Versuche MySQL zu starten...
08:06:32  [mysql] 	Statusänderung erkannt: gestartet
08:06:37  [Apache] 	stoppe Modul Apache (PID: 13096)
08:06:37  [Apache] 	Statusänderung erkannt: gestoppt
08:06:45  [Apache] 	Versuche Apache zu starten...
08:06:45  [Apache] 	Statusänderung erkannt: gestartet
13:25:13  [main] 	Deinitialisiere Module
13:25:13  [main] 	Deinitialisiere Control Panel

13:26:32  [main] 	Initialisere Control Panel
13:26:32  [main] 	Windows Version:  Enterprise  64-bit
13:26:32  [main] 	XAMPP Version: 8.2.12
13:26:32  [main] 	Control Panel Version: 3.3.0  [ Compiled: Apr 6th 2021 ]
13:26:32  [main] 	Dein Benutzerprofil besitzt keine Administratorenrechte! Das reicht aus für die meisten
13:26:32  [main] 	Anwendungsfunktionen, aber wann immer du etwas mit Windows-Diensten tun möchtest,
13:26:32  [main] 	wird eine Sicherheitsabfrage erscheinen oder etwas wird garnicht erst funktionieren!
13:26:32  [main] 	Also denke daran diese Anwendung mit Administratorrechten zu starten!
13:26:32  [main] 	XAMPP Installationsverzeichnis: "c:\xampp\"
13:26:32  [main] 	Voraussetzungen werden geprüft
13:26:33  [main] 	Alle Voraussetzungen sind erfüllt
13:26:33  [main] 	Initialisiere Module
13:26:33  [main] 	Starte Check-Timer
13:26:33  [main] 	Control Panel bereit
13:26:37  [Apache] 	Versuche Apache zu starten...
13:26:37  [Apache] 	Statusänderung erkannt: gestartet
13:26:40  [mysql] 	Versuche MySQL zu starten...
13:26:41  [mysql] 	Statusänderung erkannt: gestartet
18:44:04  [main] 	Deinitialisiere Module
18:44:04  [main] 	Deinitialisiere Control Panel

